La génération a démarré 15/05/2011 21:15:46.
     1>Projet "E:\dev\work\Shahnarman\Projet_PC-VS\Shahnarman.vcxproj" sur le nœud 2 (build cible(s)).
     1>InitializeBuildStatus:
         Création de "Debug\Shahnarman.unsuccessfulbuild", car "AlwaysCreate" a été spécifié.
       ClCompile:
         C:\Program Files\Microsoft Visual Studio 10.0\VC\bin\CL.exe /c /ZI /nologo /W3 /WX- /Od /Oy- /D WIN32 /D _DEBUG /D _CONSOLE /D AVATARS_VS2005 /D _UNICODE /D UNICODE /Gm /EHsc /RTC1 /MDd /GS /fp:precise /Zc:wchar_t /Zc:forScope /Fo"Debug\\" /Fd"Debug\vc100.pdb" /Gd /TP /analyze- /errorReport:prompt ..\Sources\lua_callbacks.cpp
         lua_callbacks.cpp
       ManifestResourceCompile:
         Toutes les sorties sont à jour.
       Link:
         C:\Program Files\Microsoft Visual Studio 10.0\VC\bin\link.exe /ERRORREPORT:PROMPT /OUT:"..\Gameroot\Shahnarman_dbg.exe" /INCREMENTAL /NOLOGO libogg.lib libvorbis.lib libvorbisfile.lib OpenAL32.lib glew32.lib zlib.lib libpng.lib lua5.1.lib kernel32.lib kernel32.lib user32.lib gdi32.lib winspool.lib comdlg32.lib advapi32.lib shell32.lib ole32.lib oleaut32.lib uuid.lib odbc32.lib odbccp32.lib /NODEFAULTLIB:msvcrt.lib /NODEFAULTLIB:libcmt.lib /MANIFEST /ManifestFile:"Debug\Shahnarman_dbg.exe.intermediate.manifest" /MANIFESTUAC:"level='asInvoker' uiAccess='false'" /DEBUG /PDB:"E:\dev\work\Shahnarman\GameRoot\Shahnarman_dbg.pdb" /SUBSYSTEM:CONSOLE /TLBID:1 /DYNAMICBASE:NO /IMPLIB:"..\GameRoot\Shahnarman_dbg.lib" /MACHINE:X86 Debug\Shahnarman_dbg.exe.embed.manifest.res
         Debug\FileSerializer.obj
         Debug\NetworkSerializer.obj
         Debug\ShahmahCreation.obj
         Debug\CreateAvatarDlg.obj
         Debug\AISolver.obj
         Debug\DirectoryChecker.obj
         Debug\linux_utils.obj
         Debug\main.obj
         Debug\stdafx.obj
         Debug\TheAvatars.obj
         Debug\utils_win32.obj
         Debug\AudioManager.obj
         Debug\DataFactory.obj
         Debug\IniFile.obj
         Debug\LocalisationTool.obj
         Debug\LuaContext.obj
         Debug\LuaObject.obj
         Debug\LuaTargetable.obj
         Debug\Parameters.obj
         Debug\XMLLiteElement.obj
         Debug\XMLLiteReader.obj
         Debug\XMLObject.obj
         Debug\DebugManager.obj
         Debug\DisplayEngine.obj
         Debug\Texture.obj
         Debug\TextureEngine.obj
         Debug\FxManager.obj
         Debug\Building.obj
         Debug\GameboardInputs.obj
         Debug\GameboardManager.obj
         Debug\Map.obj
         Debug\MapCursor.obj
         Debug\MapObject.obj
         Debug\MapTile.obj
         Debug\Pathfinder.obj
         Debug\Skill.obj
         Debug\SpecialTile.obj
         Debug\Temple.obj
         Debug\Town.obj
         Debug\Unit.obj
         Debug\ArtifactsEquipDlg.obj
         Debug\BattleSpellPopup.obj
         Debug\BuildDeckDlg.obj
         Debug\GameOverDlg.obj
         Debug\HostGameDlg.obj
         Debug\InfoboxDlg.obj
         Debug\InterfaceManager.obj
         Debug\LevelUpDlg.obj
         Debug\LoadGameDlg.obj
         Debug\LogDlg.obj
         Debug\MapObjectDlg.obj
         Debug\MoveOrAttackDlg.obj
         Debug\OptionsDlg.obj
         Debug\PlayerSelectorDlg.obj
         Debug\ResolveDlg.obj
         Debug\SelectPlayerAvatarDlg.obj
         Debug\ShopDlg.obj
         Debug\SpellDlg.obj
         Debug\SpellsSelectorDlg.obj
         Debug\StartMenuDlg.obj
         Debug\StatusDlg.obj
         Debug\Tooltip.obj
         Debug\UnitOptionsDlg.obj
         Debug\MapReader.obj
         Debug\NetworkData.obj
         Debug\Server.obj
         Debug\ServerUnit.obj
         Debug\SpellsSolver.obj
         Debug\TurnSolver.obj
         Debug\Artifact.obj
         Debug\Mana.obj
         Debug\Player.obj
         Debug\PlayerManager.obj
         Debug\PlayerManagerAbstract.obj
         Debug\Spell.obj
         Debug\guiButton.obj
         Debug\guiComboBox.obj
         Debug\guiComponent.obj
         Debug\guiContainer.obj
         Debug\guiDocument.obj
         Debug\guiEditBox.obj
         Debug\guiFrame.obj
         Debug\guiGauge.obj
         Debug\guiImage.obj
         Debug\guiLabel.obj
         Debug\guiList.obj
         Debug\guiObject.obj
         Debug\guiPopup.obj
         Debug\guiSmartSlider.obj
         Debug\guiTabbedFrame.obj
         Debug\guiToggleButton.obj
         Debug\EffectComeIn.obj
         Debug\EffectExtract.obj
         Debug\guiFrameEffect.obj
         Debug\guiFrameFlash.obj
         Debug\guiFrameIntro.obj
         Debug\guiFrameMouseFocus.obj
         Debug\guiFrameOutro.obj
         Debug\Font.obj
         Debug\FontEngine.obj
         Debug\Geometry.obj
         Debug\GeometryCylinder.obj
         Debug\GeometryModifier.obj
         Debug\GeometryQuads.obj
         Debug\GeometryText.obj
         Debug\ModProgressiveBlending.obj
         Debug\ModProgressiveRotate.obj
         Debug\ModProgressiveScaling.obj
         Debug\StencilGeometry.obj
         Debug\ConstantMovement3D.obj
         Debug\FasloMove.obj
         Debug\Movement.obj
         Debug\PhysicalObject.obj
         Debug\SlofasloMove.obj
         Debug\md5.obj
         Debug\ObjectList.obj
         Debug\SortInterface.obj
         Debug\TimeController.obj
         Debug\InputEngine.obj
         Debug\PCInputEngine.obj
         Debug\AvatarData.obj
         Debug\Edition.obj
         Debug\Ethnicity.obj
         Debug\Profile.obj
         Debug\ProgressionElement.obj
         Debug\ProgressionTree.obj
         Debug\ShopItem.obj
         Debug\UnitData.obj
         Debug\GameRoot.obj
         Debug\LocalClient.obj
         Debug\lua_callbacks.obj
         Debug\utils.obj
       Manifest:
         C:\Program Files\Microsoft SDKs\Windows\v7.0A\bin\mt.exe /nologo /verbose /out:"Debug\Shahnarman_dbg.exe.embed.manifest" /manifest Debug\Shahnarman_dbg.exe.intermediate.manifest
         Toutes les sorties sont à jour.
       LinkEmbedManifest:
         Toutes les sorties sont à jour.
         Shahnarman.vcxproj -> E:\dev\work\Shahnarman\Projet_PC-VS\..\GameRoot\Shahnarman_dbg.exe
       FinalizeBuildStatus:
         Suppression du fichier "Debug\Shahnarman.unsuccessfulbuild".
         Mise à jour de l'horodatage "Debug\Shahnarman.lastbuildstate".
     1>Génération du projet "E:\dev\work\Shahnarman\Projet_PC-VS\Shahnarman.vcxproj" terminée (build cible(s)).

La génération a réussi.

Temps écoulé 00:00:03.44
